<?xml version="1.0" encoding="UTF-8"?>
<!-- Generated by org.testng.reporters.JUnitReportReporter -->
<testsuite hostname="Sushmita" failures="0" tests="1" name="com.tyss.trello.scripts.Trello_TC_06_CreateCheckList" time="53.422" errors="0" timestamp="2021-11-09T10:26:14 IST" skipped="0">
  <testcase classname="com.tyss.trello.scripts.Trello_TC_06_CreateCheckList" name="createCheckListTest" time="53.422"/>
  <system-out>
    <![CDATA[Login To the App
Verify Login In link is Clickable or Not
Enter the value into Email Text Box
Verify Login with Atlassian Button is Clickable or Not
Enter the value into Password Text Box
Verify Login Button is Clickable or Not
Verify Create New Board Button is Clickable or Not
Enter the value into Add Board Title text field
Verify Create Board Button is Clickable or Not
Verify click to enter the ListName is Clickable or Not
Enter the value into Enter List name
Verify click to Add List Button is Clickable or Not
Verify click to enter the CardName is Clickable or Not
Enter the value into Enter List name
Verify click to Add Card Button is Clickable or Not
Verify Created Card Button is Clickable or Not
Verify CheckList Link is Clickable or Not
Clear the Text Present inCheckList Title
Enter the value into CheckList Title
Verify CheckList Add Button is Clickable or Not
Enter the value into checkList Item
Verify CheckList Item Add Button is Clickable or Not
Checklist created
Verify Card Close button is Clickable or Not
Checklist is created for a card
Verify Title Link is Clickable or Not
Verify Logout Button is Clickable or Not]]>
  </system-out>
</testsuite> <!-- com.tyss.trello.scripts.Trello_TC_06_CreateCheckList -->
