<?xml version="1.0" encoding="UTF-8"?>
<!-- Generated by org.testng.reporters.JUnitReportReporter -->
<testsuite hostname="Sushmita" failures="0" tests="1" name="com.tyss.trello.scripts.Trello_TC_01_CreateCard" time="43.036" errors="0" timestamp="2021-11-09T13:09:34 IST" skipped="0">
  <testcase classname="com.tyss.trello.scripts.Trello_TC_01_CreateCard" name="createTest" time="43.036"/>
  <system-out>
    <![CDATA[Login To the App
Verify Login In link is Clickable or Not
Enter the value into Email Text Box
Verify Login with Atlassian Button is Clickable or Not
Enter the value into Password Text Box
Verify Login Button is Clickable or Not
Verify Create New Board Button is Clickable or Not]]>
  </system-out>
</testsuite> <!-- com.tyss.trello.scripts.Trello_TC_01_CreateCard -->
