<?xml version="1.0" encoding="UTF-8"?>
<!-- Generated by org.testng.reporters.JUnitReportReporter -->
<testsuite hostname="Sushmita" failures="0" tests="1" name="com.tyss.trello.scripts.Trello_TC_07_AddLabel" time="53.235" errors="0" timestamp="2021-11-09T10:26:14 IST" skipped="0">
  <testcase classname="com.tyss.trello.scripts.Trello_TC_07_AddLabel" name="createLabelTest" time="53.235"/>
  <system-out>
    <![CDATA[Login To the App
Verify Login In link is Clickable or Not
Enter the value into Email Text Box
Verify Login with Atlassian Button is Clickable or Not
Enter the value into Password Text Box
Verify Login Button is Clickable or Not
Verify Create New Board Button is Clickable or Not
Enter the value into Add Board Title text field
Verify Create Board Button is Clickable or Not
Verify click to enter the ListName is Clickable or Not
Enter the value into Enter List name
Verify click to Add List Button is Clickable or Not
Verify click to enter the CardName is Clickable or Not
Enter the value into Enter List name
Verify click to Add Card Button is Clickable or Not
mouse hover to the  Created Card name
Verify click to Pencil Icon is Clickable or Not
Verify click to Open Card Button is Clickable or Not
Verify Labels Link is Clickable or Not
Verify Label Pencil Icon is Clickable or Not
Enter the value into label Name text field
Verify Label Save Button is Clickable or Not
Verify Label button is Clickable or Not
Verify Label  Close button is Clickable or Not
Label Header is displayed
Successfully created Label with color green
Successfully created Label with text Automation
Successfully created Label with color green and with Text Automation
Verify Card Close button is Clickable or Not
Verify Title Link is Clickable or Not
Verify Logout Button is Clickable or Not]]>
  </system-out>
</testsuite> <!-- com.tyss.trello.scripts.Trello_TC_07_AddLabel -->
