<?xml version="1.0" encoding="UTF-8"?>
<!-- Generated by org.testng.reporters.JUnitReportReporter -->
<testsuite hostname="Sushmita" failures="1" tests="1" name="com.tyss.trello.scripts.Trello_TC_10_CloseBoard" time="41.826" errors="0" timestamp="2021-11-09T10:26:14 IST" skipped="0">
  <testcase classname="com.tyss.trello.scripts.Trello_TC_10_CloseBoard" name="createBoard" time="41.826">
    <failure message="expected [true] but found [false]" type="java.lang.AssertionError">
      <![CDATA[java.lang.AssertionError: expected [true] but found [false]
at org.testng.Assert.fail(Assert.java:99)
at org.testng.Assert.failNotEquals(Assert.java:1037)
at org.testng.Assert.assertTrue(Assert.java:45)
at org.testng.Assert.assertTrue(Assert.java:55)
at com.tyss.trello.util.WebActionUtil.clickOnWebElement(WebActionUtil.java:172)
at com.tyss.trello.pages.Trello_BoardPage.clkOnCloseBoard(Trello_BoardPage.java:270)
at com.tyss.trello.scripts.Trello_TC_10_CloseBoard.createBoard(Trello_TC_10_CloseBoard.java:39)
at java.base/jdk.internal.reflect.NativeMethodAccessorImpl.invoke0(Native Method)
at java.base/jdk.internal.reflect.NativeMethodAccessorImpl.invoke(NativeMethodAccessorImpl.java:64)
at java.base/jdk.internal.reflect.DelegatingMethodAccessorImpl.invoke(DelegatingMethodAccessorImpl.java:43)
at java.base/java.lang.reflect.Method.invoke(Method.java:564)
at org.testng.internal.MethodInvocationHelper.invokeMethod(MethodInvocationHelper.java:133)
at org.testng.internal.TestInvoker.invokeMethod(TestInvoker.java:598)
at org.testng.internal.TestInvoker.invokeTestMethod(TestInvoker.java:173)
at org.testng.internal.MethodRunner.runInSequence(MethodRunner.java:46)
at org.testng.internal.TestInvoker$MethodInvocationAgent.invoke(TestInvoker.java:824)
at org.testng.internal.TestInvoker.invokeTestMethods(TestInvoker.java:146)
at org.testng.internal.TestMethodWorker.invokeTestMethods(TestMethodWorker.java:146)
at org.testng.internal.TestMethodWorker.run(TestMethodWorker.java:128)
at java.base/java.util.ArrayList.forEach(ArrayList.java:1511)
at org.testng.TestRunner.privateRun(TestRunner.java:794)
at org.testng.TestRunner.run(TestRunner.java:596)
at org.testng.SuiteRunner.runTest(SuiteRunner.java:377)
at org.testng.SuiteRunner.access$000(SuiteRunner.java:28)
at org.testng.SuiteRunner$SuiteWorker.run(SuiteRunner.java:418)
at org.testng.internal.thread.ThreadUtil.lambda$execute$0(ThreadUtil.java:64)
at java.base/java.util.concurrent.FutureTask.run(FutureTask.java:264)
at java.base/java.util.concurrent.ThreadPoolExecutor.runWorker(ThreadPoolExecutor.java:1130)
at java.base/java.util.concurrent.ThreadPoolExecutor$Worker.run(ThreadPoolExecutor.java:630)
at java.base/java.lang.Thread.run(Thread.java:832)
]]>
    </failure>
  </testcase> <!-- createBoard -->
  <system-out>
    <![CDATA[Login To the App
Verify Login In link is Clickable or Not
Enter the value into Email Text Box
Verify Login with Atlassian Button is Clickable or Not
Enter the value into Password Text Box
Verify Login Button is Clickable or Not
Verify Create New Board Button is Clickable or Not
Enter the value into Add Board Title text field
Verify Create Board Button is Clickable or Not
Verify click to enter the ListName is Clickable or Not
Enter the value into Enter List name
Verify click to Add List Button is Clickable or Not
Verify click to enter the CardName is Clickable or Not
Enter the value into Enter List name
Verify click to Add Card Button is Clickable or Not
Verify click to Show Menu Option is Clickable or Not
click to Show Menu Option is not Clickable 
Unable to click on Show Menu Option]]>
  </system-out>
</testsuite> <!-- com.tyss.trello.scripts.Trello_TC_10_CloseBoard -->
