<?xml version="1.0" encoding="UTF-8"?>
<!-- Generated by org.testng.reporters.JUnitReportReporter -->
<testsuite hostname="Sushmita" failures="0" tests="2" name="com.tyss.trello.scripts.TrelloEg" time="26.035" errors="0" timestamp="2021-11-04T17:32:37 IST" skipped="0">
  <testcase classname="com.tyss.trello.scripts.TrelloEg" name="launchTrello" time="13.031"/>
  <system-out/>
  <testcase classname="com.tyss.trello.scripts.TrelloEg" name="launchTrello" time="13.004"/>
  <system-out/>
</testsuite> <!-- com.tyss.trello.scripts.TrelloEg -->
