<?xml version="1.0" encoding="UTF-8"?>
<!-- Generated by org.testng.reporters.JUnitReportReporter -->
<testsuite hostname="Sushmita" failures="0" tests="1" name="com.tyss.trello.scripts.Trello_TC_02_MoveCard" time="64.251" errors="0" timestamp="2021-11-09T11:30:27 IST" skipped="0">
  <testcase classname="com.tyss.trello.scripts.Trello_TC_02_MoveCard" name="moveCardTest" time="64.251"/>
  <system-out>
    <![CDATA[Login To the App
Verify Login In link is Clickable or Not
Enter the value into Email Text Box
Verify Login with Atlassian Button is Clickable or Not
Enter the value into Password Text Box
Verify Login Button is Clickable or Not
Verify Create New Board Button is Clickable or Not
Enter the value into Add Board Title text field
Verify Create Board Button is Clickable or Not
Verify click to enter the ListName is Clickable or Not
Enter the value into Enter List name
Verify click to Add List Button is Clickable or Not
Verify click to enter the CardName is Clickable or Not
Enter the value into Enter List name
Verify click to Add Card Button is Clickable or Not
Card is Created
Verify click to enter the ListName is Clickable or Not
Enter the value into Enter List name
Verify click to Add List Button is Clickable or Not
mouse hover to the  Created Card name
Verify click to Pencil Icon is Clickable or Not
Verify click to Move Button is Clickable or Not
select the value from dropdown from visible textList12
Verify click to Move Button is Clickable or Not
Card is moved from List1 to List12
Verify Title Link is Clickable or Not
Verify Logout Button is Clickable or Not]]>
  </system-out>
</testsuite> <!-- com.tyss.trello.scripts.Trello_TC_02_MoveCard -->
